[debug] [2017-11-14T10:15:27.050Z] ----------------------------------------------------------------------
[debug] [2017-11-14T10:15:27.052Z] Command:       C:\Program Files\nodejs\node.exe C:\Users\Boro\AppData\Roaming\npm\node_modules\firebase-tools\bin\firebase serve
[debug] [2017-11-14T10:15:27.052Z] CLI Version:   3.15.0
[debug] [2017-11-14T10:15:27.052Z] Platform:      win32
[debug] [2017-11-14T10:15:27.052Z] Node Version:  v8.8.0
[debug] [2017-11-14T10:15:27.052Z] Time:          Tue Nov 14 2017 11:15:27 GMT+0100 (Środkowoeuropejski czas stand.)
[debug] [2017-11-14T10:15:27.053Z] ----------------------------------------------------------------------
[debug] 
[debug] [2017-11-14T10:15:27.061Z] > command requires scopes: ["email","openid","https://www.googleapis.com/auth/cloudplatformprojects.readonly","https://www.googleapis.com/auth/firebase","https://www.googleapis.com/auth/cloud-platform"]
[debug] [2017-11-14T10:15:27.061Z] > authorizing via signed-in user
[debug] [2017-11-14T10:15:27.062Z] >>> HTTP REQUEST GET https://admin.firebase.com/v1/projects/praca-inzynierska-przychodnia  
 Tue Nov 14 2017 11:15:27 GMT+0100 (Środkowoeuropejski czas stand.)
[debug] [2017-11-14T10:15:27.933Z] <<< HTTP RESPONSE 200
[debug] [2017-11-14T10:15:27.934Z] >>> HTTP REQUEST GET https://admin.firebase.com/v1/database/praca-inzynierska-przychodnia/tokens  
 Tue Nov 14 2017 11:15:27 GMT+0100 (Środkowoeuropejski czas stand.)
[debug] [2017-11-14T10:15:28.810Z] <<< HTTP RESPONSE 200
[info] 
[info] === Serving from 'd:\Programowanie\PracaInzynierska'...
[info] 
[debug] [2017-11-14T10:15:28.819Z] >>> HTTP REQUEST GET https://cloudresourcemanager.googleapis.com/v1/projects/praca-inzynierska-przychodnia  
 Tue Nov 14 2017 11:15:28 GMT+0100 (Środkowoeuropejski czas stand.)
[debug] [2017-11-14T10:15:29.371Z] <<< HTTP RESPONSE 200
[debug] [2017-11-14T10:15:29.372Z] >>> HTTP REQUEST GET https://mobilesdk-pa.googleapis.com/v1/projects/221575576836/clients/_:getWebAppConfig  
 Tue Nov 14 2017 11:15:29 GMT+0100 (Środkowoeuropejski czas stand.)
[debug] [2017-11-14T10:15:30.248Z] <<< HTTP RESPONSE 200
[debug] [2017-11-14T10:15:30.307Z] TypeError: Cannot read property 'public' of undefined
    at Server.<anonymous> (C:\Users\Boro\AppData\Roaming\npm\node_modules\firebase-tools\lib\serve\hosting.js:34:18)
    at Object.onceWrapper (events.js:312:30)
    at emitNone (events.js:105:13)
    at Server.emit (events.js:207:7)
    at emitListeningNT (net.js:1379:10)
    at _combinedTickCallback (internal/process/next_tick.js:135:11)
    at process._tickDomainCallback (internal/process/next_tick.js:218:9)
[error] 
[error] Error: An unexpected error has occurred.
